<?xml version="1.0" encoding="UTF-8"?>
<!-- Generated by org.testng.reporters.JUnitReportReporter -->
<testsuite hostname="LAPTOP-TJV5QQTB" name="com.TestNg_Concepts.Priority_Concepts" tests="4" failures="0" timestamp="5 Mar 2021 05:56:12 GMT" time="0.032" errors="0">
  <testcase name="Booksearch" time="0.000" classname="com.TestNg_Concepts.Priority_Concepts"/>
  <testcase name="Mobilesearch" time="0.000" classname="com.TestNg_Concepts.Priority_Concepts"/>
  <testcase name="Laptopsearch" time="0.016" classname="com.TestNg_Concepts.Priority_Concepts"/>
  <testcase name="Earphonessearch" time="0.016" classname="com.TestNg_Concepts.Priority_Concepts"/>
</testsuite> <!-- com.TestNg_Concepts.Priority_Concepts -->
