<?xml version="1.0" encoding="UTF-8"?>
<!-- Generated by org.testng.reporters.JUnitReportReporter -->
<testsuite hostname="LAPTOP-TJV5QQTB" name="com.TestNg_Concepts.Simple_Annotations" tests="2" failures="0" timestamp="4 Mar 2021 05:46:27 GMT" time="0.017" errors="0">
  <testcase name="Laptopsearch" time="0.012" classname="com.TestNg_Concepts.Simple_Annotations"/>
  <testcase name="Mobilesearch" time="0.005" classname="com.TestNg_Concepts.Simple_Annotations"/>
</testsuite> <!-- com.TestNg_Concepts.Simple_Annotations -->
