<?xml version="1.0" encoding="UTF-8"?>
<!-- Generated by org.testng.reporters.JUnitReportReporter -->
<testsuite hostname="LAPTOP-TJV5QQTB" name="com.TestNg_Concepts.Ignore_Demo" tests="4" failures="0" timestamp="5 Mar 2021 06:05:25 GMT" time="0.033" errors="0">
  <testcase name="Earphonessearch" time="0.000" classname="com.TestNg_Concepts.Ignore_Demo"/>
  <testcase name="Laptopsearch" time="0.016" classname="com.TestNg_Concepts.Ignore_Demo"/>
  <testcase name="Booksearch" time="0.017" classname="com.TestNg_Concepts.Ignore_Demo"/>
  <testcase name="Mobilesearch" time="0.000" classname="com.TestNg_Concepts.Ignore_Demo"/>
</testsuite> <!-- com.TestNg_Concepts.Ignore_Demo -->
