<?xml version="1.0" encoding="UTF-8"?>
<!-- Generated by org.testng.reporters.JUnitReportReporter -->
<testsuite hostname="LAPTOP-TJV5QQTB" name="com.TestNg_Concepts.Data_Provider" tests="3" failures="0" timestamp="11 Mar 2021 12:27:23 GMT" time="0.047" errors="0">
  <testcase name="credentials" time="0.016" classname="com.TestNg_Concepts.Data_Provider"/>
  <testcase name="credentials" time="0.031" classname="com.TestNg_Concepts.Data_Provider"/>
  <testcase name="credentials" time="0.000" classname="com.TestNg_Concepts.Data_Provider"/>
</testsuite> <!-- com.TestNg_Concepts.Data_Provider -->
