<?xml version="1.0" encoding="UTF-8"?>
<!-- Generated by org.testng.reporters.JUnitReportReporter -->
<testsuite hostname="LAPTOP-TJV5QQTB" name="com.TestNg_Concepts.Assert_Concept" tests="1" failures="0" timestamp="11 Mar 2021 12:33:43 GMT" time="0.044" errors="0">
  <testcase name="credentials" time="0.044" classname="com.TestNg_Concepts.Assert_Concept"/>
</testsuite> <!-- com.TestNg_Concepts.Assert_Concept -->
