<?xml version="1.0" encoding="UTF-8"?>
<!-- Generated by org.testng.reporters.JUnitReportReporter -->
<testsuite hostname="LAPTOP-TJV5QQTB" name="com.TestNg_Concepts.Ignore_Concepts" tests="2" failures="0" timestamp="5 Mar 2021 05:33:05 GMT" time="0.016" errors="0">
  <testcase name="Mobilesearch" time="0.000" classname="com.TestNg_Concepts.Ignore_Concepts"/>
  <testcase name="Booksearch" time="0.016" classname="com.TestNg_Concepts.Ignore_Concepts"/>
</testsuite> <!-- com.TestNg_Concepts.Ignore_Concepts -->
