<?xml version="1.0" encoding="UTF-8"?>
<!-- Generated by org.testng.reporters.JUnitReportReporter -->
<testsuite hostname="LAPTOP-TJV5QQTB" name="com.TestNg_Concepts.Parameter_Test" tests="1" failures="0" timestamp="11 Mar 2021 05:05:02 GMT" time="0.029" errors="0">
  <testcase name="credential" time="0.029" classname="com.TestNg_Concepts.Parameter_Test"/>
</testsuite> <!-- com.TestNg_Concepts.Parameter_Test -->
